<?xml version="1.0" encoding="UTF-8"?>
<!-- Generated by org.testng.reporters.JUnitXMLReporter -->
<testsuite ignored="0" hostname="DESKTOP-UU693LN" failures="0" tests="5" name="Default test" time="0.834" errors="0" timestamp="2024-07-06T15:00:59 IST">
  <testcase classname="com.testng.dataprovider.ExcelDataProvider" name="sampleOne" time="0.012"/>
  <testcase classname="com.testng.dataprovider.ExcelDataProvider" name="sampleOne" time="0.007"/>
  <testcase classname="com.testng.dataprovider.ExcelDataProvider" name="sampleOne" time="0.008"/>
  <testcase classname="com.testng.dataprovider.ExcelDataProvider" name="sampleOne" time="0.004"/>
  <testcase classname="com.testng.dataprovider.ExcelDataProvider" name="sampleOne" time="0.003"/>
</testsuite> <!-- Default test -->
