<?xml version="1.0" encoding="UTF-8"?>
<testng-results ignored="0" total="5" passed="5" failed="0" skipped="0">
  <reporter-output>
  </reporter-output>
  <suite started-at="2024-07-06T15:00:58 IST" name="Default suite" finished-at="2024-07-06T15:00:59 IST" duration-ms="834">
    <groups>
    </groups>
    <test started-at="2024-07-06T15:00:58 IST" name="Default test" finished-at="2024-07-06T15:00:59 IST" duration-ms="834">
      <class name="com.testng.dataprovider.ExcelDataProvider">
        <test-method signature="sampleOne(java.lang.String)[pri:0, instance:com.testng.dataprovider.ExcelDataProvider@2892d68]" started-at="2024-07-06T15:00:59 IST" name="sampleOne" data-provider="excelData" finished-at="2024-07-06T15:00:59 IST" duration-ms="12" status="PASS">
          <params>
            <param index="0">
              <value>
                <![CDATA[oracle]]>
              </value>
            </param>
          </params>
          <reporter-output>
          </reporter-output>
        </test-method> <!-- sampleOne -->
        <test-method signature="sampleOne(java.lang.String)[pri:0, instance:com.testng.dataprovider.ExcelDataProvider@2892d68]" started-at="2024-07-06T15:00:59 IST" name="sampleOne" data-provider="excelData" finished-at="2024-07-06T15:00:59 IST" duration-ms="7" status="PASS">
          <params>
            <param index="0">
              <value>
                <![CDATA[selenium]]>
              </value>
            </param>
          </params>
          <reporter-output>
          </reporter-output>
        </test-method> <!-- sampleOne -->
        <test-method signature="sampleOne(java.lang.String)[pri:0, instance:com.testng.dataprovider.ExcelDataProvider@2892d68]" started-at="2024-07-06T15:00:59 IST" name="sampleOne" data-provider="excelData" finished-at="2024-07-06T15:00:59 IST" duration-ms="8" status="PASS">
          <params>
            <param index="0">
              <value>
                <![CDATA[javascript]]>
              </value>
            </param>
          </params>
          <reporter-output>
          </reporter-output>
        </test-method> <!-- sampleOne -->
        <test-method signature="sampleOne(java.lang.String)[pri:0, instance:com.testng.dataprovider.ExcelDataProvider@2892d68]" started-at="2024-07-06T15:00:59 IST" name="sampleOne" data-provider="excelData" finished-at="2024-07-06T15:00:59 IST" duration-ms="4" status="PASS">
          <params>
            <param index="0">
              <value>
                <![CDATA[html]]>
              </value>
            </param>
          </params>
          <reporter-output>
          </reporter-output>
        </test-method> <!-- sampleOne -->
        <test-method signature="sampleOne(java.lang.String)[pri:0, instance:com.testng.dataprovider.ExcelDataProvider@2892d68]" started-at="2024-07-06T15:00:59 IST" name="sampleOne" data-provider="excelData" finished-at="2024-07-06T15:00:59 IST" duration-ms="3" status="PASS">
          <params>
            <param index="0">
              <value>
                <![CDATA[sql]]>
              </value>
            </param>
          </params>
          <reporter-output>
          </reporter-output>
        </test-method> <!-- sampleOne -->
      </class> <!-- com.testng.dataprovider.ExcelDataProvider -->
    </test> <!-- Default test -->
  </suite> <!-- Default suite -->
</testng-results>
